# JRE version: OpenJDK Runtime Environment Microsoft-8035246 (17.0.8+7) (build 17.0.8+7-LTS)
# Java VM: OpenJDK 64-Bit Server VM Microsoft-8035246 (17.0.8+7-LTS, mixed mode, sharing, tiered, compressed oops, compressed class ptrs, g1 gc, windows-amd64)
GC Precious Log:
 CPUs: 12 total, 12 available
 Memory: 7916M
 Large Page Support: Disabled
 NUMA Support: Disabled
 Compressed Oops: Enabled (Zero based)
 Heap Region Size: 4M
 Heap Min Capacity: 8M
 Heap Initial Capacity: 124M
 Heap Max Capacity: 4608M
 Pre-touch: Disabled
 Parallel Workers: 10
 Concurrent Workers: 3
 Concurrent Refinement Workers: 10
 Periodic GC: Disabled
Heap:
 garbage-first heap   total 786432K, used 398607K [0x00000006e0000000, 0x0000000800000000)
  region size 4096K, 52 young (212992K), 10 survivors (40960K)
 Metaspace       used 118812K, committed 120128K, reserved 1179648K
  class space    used 16335K, committed 16960K, reserved 1048576K
GC Heap History (20 events):
Event: 22.852 GC heap before
{Heap before GC invocations=36 (full 0):
 garbage-first heap   total 233472K, used 167788K [0x00000006e0000000, 0x0000000800000000)
  region size 4096K, 11 young (45056K), 2 survivors (8192K)
 Metaspace       used 102288K, committed 103360K, reserved 1179648K
  class space    used 14285K, committed 14784K, reserved 1048576K
}
Event: 22.860 GC heap after
{Heap after GC invocations=37 (full 0):
 garbage-first heap   total 233472K, used 140833K [0x00000006e0000000, 0x0000000800000000)
  region size 4096K, 2 young (8192K), 2 survivors (8192K)
 Metaspace       used 102288K, committed 103360K, reserved 1179648K
  class space    used 14285K, committed 14784K, reserved 1048576K
}
Event: 23.267 GC heap before
{Heap before GC invocations=37 (full 0):
 garbage-first heap   total 233472K, used 173601K [0x00000006e0000000, 0x0000000800000000)
  region size 4096K, 11 young (45056K), 2 survivors (8192K)
 Metaspace       used 102584K, committed 103616K, reserved 1179648K
  class space    used 14314K, committed 14784K, reserved 1048576K
}
Event: 23.276 GC heap after
{Heap after GC invocations=38 (full 0):
 garbage-first heap   total 233472K, used 150383K [0x00000006e0000000, 0x0000000800000000)
  region size 4096K, 2 young (8192K), 2 survivors (8192K)
 Metaspace       used 102584K, committed 103616K, reserved 1179648K
  class space    used 14314K, committed 14784K, reserved 1048576K
}
Event: 23.622 GC heap before
{Heap before GC invocations=39 (full 0):
 garbage-first heap   total 262144K, used 179055K [0x00000006e0000000, 0x0000000800000000)
  region size 4096K, 10 young (40960K), 2 survivors (8192K)
 Metaspace       used 103188K, committed 104256K, reserved 1179648K
  class space    used 14435K, committed 14912K, reserved 1048576K
}
Event: 23.630 GC heap after
{Heap after GC invocations=40 (full 0):
 garbage-first heap   total 262144K, used 156813K [0x00000006e0000000, 0x0000000800000000)
  region size 4096K, 2 young (8192K), 2 survivors (8192K)
 Metaspace       used 103188K, committed 104256K, reserved 1179648K
  class space    used 14435K, committed 14912K, reserved 1048576K
}
Event: 23.646 GC heap before
{Heap before GC invocations=40 (full 0):
 garbage-first heap   total 262144K, used 160909K [0x00000006e0000000, 0x0000000800000000)
  region size 4096K, 3 young (12288K), 2 survivors (8192K)
 Metaspace       used 103206K, committed 104320K, reserved 1179648K
  class space    used 14438K, committed 14912K, reserved 1048576K
}
Event: 23.651 GC heap after
{Heap after GC invocations=41 (full 0):
 garbage-first heap   total 315392K, used 155728K [0x00000006e0000000, 0x0000000800000000)
  region size 4096K, 1 young (4096K), 1 survivors (4096K)
 Metaspace       used 103206K, committed 104320K, reserved 1179648K
  class space    used 14438K, committed 14912K, reserved 1048576K
}
Event: 24.744 GC heap before
{Heap before GC invocations=41 (full 0):
 garbage-first heap   total 315392K, used 237648K [0x00000006e0000000, 0x0000000800000000)
  region size 4096K, 21 young (86016K), 1 survivors (4096K)
 Metaspace       used 107517K, committed 108736K, reserved 1179648K
  class space    used 15040K, committed 15616K, reserved 1048576K
}
Event: 24.755 GC heap after
{Heap after GC invocations=42 (full 0):
 garbage-first heap   total 315392K, used 160237K [0x00000006e0000000, 0x0000000800000000)
  region size 4096K, 2 young (8192K), 2 survivors (8192K)
 Metaspace       used 107517K, committed 108736K, reserved 1179648K
  class space    used 15040K, committed 15616K, reserved 1048576K
}
Event: 25.371 GC heap before
{Heap before GC invocations=43 (full 0):
 garbage-first heap   total 315392K, used 242157K [0x00000006e0000000, 0x0000000800000000)
  region size 4096K, 22 young (90112K), 2 survivors (8192K)
 Metaspace       used 110081K, committed 111296K, reserved 1179648K
  class space    used 15374K, committed 15936K, reserved 1048576K
}
Event: 25.388 GC heap after
{Heap after GC invocations=44 (full 0):
 garbage-first heap   total 315392K, used 169371K [0x00000006e0000000, 0x0000000800000000)
  region size 4096K, 3 young (12288K), 3 survivors (12288K)
 Metaspace       used 110081K, committed 111296K, reserved 1179648K
  class space    used 15374K, committed 15936K, reserved 1048576K
}
Event: 25.416 GC heap before
{Heap before GC invocations=44 (full 0):
 garbage-first heap   total 315392K, used 173467K [0x00000006e0000000, 0x0000000800000000)
  region size 4096K, 4 young (16384K), 3 survivors (12288K)
 Metaspace       used 110086K, committed 111296K, reserved 1179648K
  class space    used 15374K, committed 15936K, reserved 1048576K
}
Event: 25.440 GC heap after
{Heap after GC invocations=45 (full 0):
 garbage-first heap   total 315392K, used 170004K [0x00000006e0000000, 0x0000000800000000)
  region size 4096K, 1 young (4096K), 1 survivors (4096K)
 Metaspace       used 110086K, committed 111296K, reserved 1179648K
  class space    used 15374K, committed 15936K, reserved 1048576K
}
Event: 25.965 GC heap before
{Heap before GC invocations=45 (full 0):
 garbage-first heap   total 315392K, used 247828K [0x00000006e0000000, 0x0000000800000000)
  region size 4096K, 19 young (77824K), 1 survivors (4096K)
 Metaspace       used 110372K, committed 111616K, reserved 1179648K
  class space    used 15402K, committed 16000K, reserved 1048576K
}
Event: 25.997 GC heap after
{Heap after GC invocations=46 (full 0):
 garbage-first heap   total 315392K, used 190216K [0x00000006e0000000, 0x0000000800000000)
  region size 4096K, 3 young (12288K), 3 survivors (12288K)
 Metaspace       used 110372K, committed 111616K, reserved 1179648K
  class space    used 15402K, committed 16000K, reserved 1048576K
}
Event: 26.654 GC heap before
{Heap before GC invocations=46 (full 0):
 garbage-first heap   total 315392K, used 247560K [0x00000006e0000000, 0x0000000800000000)
  region size 4096K, 17 young (69632K), 3 survivors (12288K)
 Metaspace       used 111042K, committed 112320K, reserved 1179648K
  class space    used 15478K, committed 16064K, reserved 1048576K
}
Event: 26.689 GC heap after
{Heap after GC invocations=47 (full 0):
 garbage-first heap   total 786432K, used 202095K [0x00000006e0000000, 0x0000000800000000)
  region size 4096K, 3 young (12288K), 3 survivors (12288K)
 Metaspace       used 111042K, committed 112320K, reserved 1179648K
  class space    used 15478K, committed 16064K, reserved 1048576K
}
Event: 31.170 GC heap before
{Heap before GC invocations=47 (full 0):
 garbage-first heap   total 786432K, used 566639K [0x00000006e0000000, 0x0000000800000000)
  region size 4096K, 93 young (380928K), 3 survivors (12288K)
 Metaspace       used 118799K, committed 120128K, reserved 1179648K
  class space    used 16334K, committed 16960K, reserved 1048576K
}
Event: 31.216 GC heap after
{Heap after GC invocations=48 (full 0):
 garbage-first heap   total 786432K, used 230671K [0x00000006e0000000, 0x0000000800000000)
  region size 4096K, 10 young (40960K), 10 survivors (40960K)
 Metaspace       used 118799K, committed 120128K, reserved 1179648K
  class space    used 16334K, committed 16960K, reserved 1048576K
}

