# JRE version: OpenJDK Runtime Environment Microsoft-8035246 (17.0.8+7) (build 17.0.8+7-LTS)
# Java VM: OpenJDK 64-Bit Server VM Microsoft-8035246 (17.0.8+7-LTS, mixed mode, sharing, tiered, compressed oops, compressed class ptrs, g1 gc, windows-amd64)
GC Precious Log:
 CPUs: 12 total, 12 available
 Memory: 7916M
 Large Page Support: Disabled
 NUMA Support: Disabled
 Compressed Oops: Enabled (Zero based)
 Heap Region Size: 4M
 Heap Min Capacity: 8M
 Heap Initial Capacity: 124M
 Heap Max Capacity: 4608M
 Pre-touch: Disabled
 Parallel Workers: 10
 Concurrent Workers: 3
 Concurrent Refinement Workers: 10
 Periodic GC: Disabled
Heap:
 garbage-first heap   total 405504K, used 239763K [0x00000006e0000000, 0x0000000800000000)
  region size 4096K, 6 young (24576K), 2 survivors (8192K)
 Metaspace       used 118924K, committed 120256K, reserved 1179648K
  class space    used 16326K, committed 16960K, reserved 1048576K
GC Heap History (20 events):
Event: 29.874 GC heap before
{Heap before GC invocations=33 (full 0):
 garbage-first heap   total 303104K, used 213106K [0x00000006e0000000, 0x0000000800000000)
  region size 4096K, 14 young (57344K), 2 survivors (8192K)
 Metaspace       used 110206K, committed 111424K, reserved 1179648K
  class space    used 15388K, committed 15936K, reserved 1048576K
}
Event: 29.885 GC heap after
{Heap after GC invocations=34 (full 0):
 garbage-first heap   total 303104K, used 173391K [0x00000006e0000000, 0x0000000800000000)
  region size 4096K, 2 young (8192K), 2 survivors (8192K)
 Metaspace       used 110206K, committed 111424K, reserved 1179648K
  class space    used 15388K, committed 15936K, reserved 1048576K
}
Event: 30.137 GC heap before
{Heap before GC invocations=34 (full 0):
 garbage-first heap   total 303104K, used 189775K [0x00000006e0000000, 0x0000000800000000)
  region size 4096K, 7 young (28672K), 2 survivors (8192K)
 Metaspace       used 110306K, committed 111552K, reserved 1179648K
  class space    used 15398K, committed 15936K, reserved 1048576K
}
Event: 30.144 GC heap after
{Heap after GC invocations=35 (full 0):
 garbage-first heap   total 364544K, used 179840K [0x00000006e0000000, 0x0000000800000000)
  region size 4096K, 2 young (8192K), 2 survivors (8192K)
 Metaspace       used 110306K, committed 111552K, reserved 1179648K
  class space    used 15398K, committed 15936K, reserved 1048576K
}
Event: 31.712 GC heap before
{Heap before GC invocations=36 (full 0):
 garbage-first heap   total 364544K, used 286336K [0x00000006e0000000, 0x0000000800000000)
  region size 4096K, 27 young (110592K), 2 survivors (8192K)
 Metaspace       used 113238K, committed 114496K, reserved 1179648K
  class space    used 15832K, committed 16384K, reserved 1048576K
}
Event: 31.725 GC heap after
{Heap after GC invocations=37 (full 0):
 garbage-first heap   total 364544K, used 196608K [0x00000006e0000000, 0x0000000800000000)
  region size 4096K, 4 young (16384K), 4 survivors (16384K)
 Metaspace       used 113238K, committed 114496K, reserved 1179648K
  class space    used 15832K, committed 16384K, reserved 1048576K
}
Event: 33.805 GC heap before
{Heap before GC invocations=37 (full 0):
 garbage-first heap   total 364544K, used 290816K [0x00000006e0000000, 0x0000000800000000)
  region size 4096K, 27 young (110592K), 4 survivors (16384K)
 Metaspace       used 116215K, committed 117504K, reserved 1179648K
  class space    used 16141K, committed 16704K, reserved 1048576K
}
Event: 33.823 GC heap after
{Heap after GC invocations=38 (full 0):
 garbage-first heap   total 364544K, used 207567K [0x00000006e0000000, 0x0000000800000000)
  region size 4096K, 3 young (12288K), 3 survivors (12288K)
 Metaspace       used 116215K, committed 117504K, reserved 1179648K
  class space    used 16141K, committed 16704K, reserved 1048576K
}
Event: 34.727 GC heap before
{Heap before GC invocations=39 (full 0):
 garbage-first heap   total 368640K, used 289487K [0x00000006e0000000, 0x0000000800000000)
  region size 4096K, 23 young (94208K), 3 survivors (12288K)
 Metaspace       used 116583K, committed 117888K, reserved 1179648K
  class space    used 16160K, committed 16768K, reserved 1048576K
}
Event: 34.742 GC heap after
{Heap after GC invocations=40 (full 0):
 garbage-first heap   total 368640K, used 216902K [0x00000006e0000000, 0x0000000800000000)
  region size 4096K, 3 young (12288K), 3 survivors (12288K)
 Metaspace       used 116583K, committed 117888K, reserved 1179648K
  class space    used 16160K, committed 16768K, reserved 1048576K
}
Event: 34.762 GC heap before
{Heap before GC invocations=40 (full 0):
 garbage-first heap   total 368640K, used 220998K [0x00000006e0000000, 0x0000000800000000)
  region size 4096K, 4 young (16384K), 3 survivors (12288K)
 Metaspace       used 116589K, committed 117888K, reserved 1179648K
  class space    used 16160K, committed 16768K, reserved 1048576K
}
Event: 34.769 GC heap after
{Heap after GC invocations=41 (full 0):
 garbage-first heap   total 368640K, used 215983K [0x00000006e0000000, 0x0000000800000000)
  region size 4096K, 1 young (4096K), 1 survivors (4096K)
 Metaspace       used 116589K, committed 117888K, reserved 1179648K
  class space    used 16160K, committed 16768K, reserved 1048576K
}
Event: 35.519 GC heap before
{Heap before GC invocations=41 (full 0):
 garbage-first heap   total 368640K, used 289711K [0x00000006e0000000, 0x0000000800000000)
  region size 4096K, 20 young (81920K), 1 survivors (4096K)
 Metaspace       used 118466K, committed 119808K, reserved 1179648K
  class space    used 16280K, committed 16896K, reserved 1048576K
}
Event: 35.530 GC heap after
{Heap after GC invocations=42 (full 0):
 garbage-first heap   total 368640K, used 223192K [0x00000006e0000000, 0x0000000800000000)
  region size 4096K, 3 young (12288K), 3 survivors (12288K)
 Metaspace       used 118466K, committed 119808K, reserved 1179648K
  class space    used 16280K, committed 16896K, reserved 1048576K
}
Event: 36.549 GC heap before
{Heap before GC invocations=43 (full 0):
 garbage-first heap   total 405504K, used 296920K [0x00000006e0000000, 0x0000000800000000)
  region size 4096K, 21 young (86016K), 3 survivors (12288K)
 Metaspace       used 118916K, committed 120256K, reserved 1179648K
  class space    used 16325K, committed 16960K, reserved 1048576K
}
Event: 36.558 GC heap after
{Heap after GC invocations=44 (full 0):
 garbage-first heap   total 405504K, used 226760K [0x00000006e0000000, 0x0000000800000000)
  region size 4096K, 2 young (8192K), 2 survivors (8192K)
 Metaspace       used 118916K, committed 120256K, reserved 1179648K
  class space    used 16325K, committed 16960K, reserved 1048576K
}
Event: 36.600 GC heap before
{Heap before GC invocations=44 (full 0):
 garbage-first heap   total 405504K, used 234952K [0x00000006e0000000, 0x0000000800000000)
  region size 4096K, 4 young (16384K), 2 survivors (8192K)
 Metaspace       used 118920K, committed 120256K, reserved 1179648K
  class space    used 16326K, committed 16960K, reserved 1048576K
}
Event: 36.607 GC heap after
{Heap after GC invocations=45 (full 0):
 garbage-first heap   total 405504K, used 225201K [0x00000006e0000000, 0x0000000800000000)
  region size 4096K, 1 young (4096K), 1 survivors (4096K)
 Metaspace       used 118920K, committed 120256K, reserved 1179648K
  class space    used 16326K, committed 16960K, reserved 1048576K
}
Event: 37.058 GC heap before
{Heap before GC invocations=45 (full 0):
 garbage-first heap   total 405504K, used 327601K [0x00000006e0000000, 0x0000000800000000)
  region size 4096K, 26 young (106496K), 1 survivors (4096K)
 Metaspace       used 118924K, committed 120256K, reserved 1179648K
  class space    used 16326K, committed 16960K, reserved 1048576K
}
Event: 37.063 GC heap after
{Heap after GC invocations=46 (full 0):
 garbage-first heap   total 405504K, used 227475K [0x00000006e0000000, 0x0000000800000000)
  region size 4096K, 2 young (8192K), 2 survivors (8192K)
 Metaspace       used 118924K, committed 120256K, reserved 1179648K
  class space    used 16326K, committed 16960K, reserved 1048576K
}

